<?xml version="1.0" encoding="UTF-8"?>
<!-- Generated by org.testng.reporters.JUnitXMLReporter -->
<testsuite hostname="DESKTOP-10E464R" name="Test" tests="3" failures="1" timestamp="6 Aug 2022 05:49:46 GMT" time="63.951" errors="0">
  <testcase name="launchImdb" time="35.556" classname="com.pushpamovie.Pushpa"/>
  <testcase name="launchWiki" time="9.541" classname="com.pushpamovie.Pushpa"/>
  <testcase name="validation" time="0.156" classname="com.pushpamovie.Pushpa">
    <failure type="java.lang.AssertionError" message="Verify the Date is Same expected [2021-12-17] but found [2022-01-07]">
      <![CDATA[java.lang.AssertionError: Verify the Date is Same expected [2021-12-17] but found [2022-01-07]
	at com.pushpamovie.Pushpa.validation(Pushpa.java:70)
... Removed 28 stack frames]]>
    </failure>
  </testcase> <!-- validation -->
</testsuite> <!-- Test -->
